<?xml version="1.0" encoding="UTF-8"?>
<testsuites name="jest tests" tests="1" failures="0" errors="0" time="3.263">
  <testsuite name="Dashboard Component" errors="0" failures="0" skipped="0" timestamp="2023-09-29T11:10:45" time="2.279" tests="1">
    <testcase classname="Dashboard Component renders the component" name="Dashboard Component renders the component" time="0.101">
    </testcase>
  </testsuite>
</testsuites>